h:\university\programming\kurs 2\cursach\x64\debug\vc143.pdb
h:\university\programming\kurs 2\cursach\x64\debug\.netframework,version=v4.8.assemblyattributes.obj
h:\university\programming\kurs 2\cursach\x64\debug\registerform.obj
h:\university\programming\kurs 2\cursach\x64\debug\authform.obj
h:\university\programming\kurs 2\cursach\x64\debug\database.obj
h:\university\programming\kurs 2\cursach\x64\debug\generalform.obj
h:\university\programming\kurs 2\cursach\x64\debug\cursach.exe
h:\university\programming\kurs 2\cursach\x64\debug\cursach.pdb
h:\university\programming\kurs 2\cursach\x64\debug\cursach.exe.metagen
h:\university\programming\kurs 2\cursach\x64\debug\cursach.tlog\cl.command.1.tlog
h:\university\programming\kurs 2\cursach\x64\debug\cursach.tlog\cl.read.1.tlog
h:\university\programming\kurs 2\cursach\x64\debug\cursach.tlog\cl.write.1.tlog
h:\university\programming\kurs 2\cursach\x64\debug\cursach.tlog\link.command.1.tlog
h:\university\programming\kurs 2\cursach\x64\debug\cursach.tlog\link.read.1.tlog
h:\university\programming\kurs 2\cursach\x64\debug\cursach.tlog\link.write.1.tlog
h:\university\programming\kurs 2\cursach\x64\debug\cursach.tlog\metagen.read.1.tlog
h:\university\programming\kurs 2\cursach\x64\debug\cursach.tlog\metagen.write.1.tlog
h:\university\programming\kurs 2\cursach\x64\debug\cursach.tlog\resgen.command.1.tlog
h:\university\programming\kurs 2\cursach\x64\debug\cursach.tlog\resgen.read.1.tlog
h:\university\programming\kurs 2\cursach\x64\debug\cursach.tlog\resgen.write.1.tlog
